<?xml version="1.0" encoding="UTF-8"?>
<testng-results ignored="0" total="1" passed="1" failed="0" skipped="0">
  <reporter-output>
  </reporter-output>
  <suite started-at="2021-08-03T17:47:32 IST" name="Default suite" finished-at="2021-08-03T17:47:44 IST" duration-ms="12450">
    <groups>
    </groups>
    <test started-at="2021-08-03T17:47:32 IST" name="Default test" finished-at="2021-08-03T17:47:44 IST" duration-ms="12450">
      <class name="com_EduDomain_Skillrary_Test.ScenarioTest3">
        <test-method is-config="true" signature="configBS()[pri:0, instance:com_EduDomain_Skillrary_Test.ScenarioTest3@47faa49c]" started-at="2021-08-03T17:47:30 IST" name="configBS" finished-at="2021-08-03T17:47:32 IST" duration-ms="1160" status="PASS">
          <reporter-output>
          </reporter-output>
        </test-method> <!-- configBS -->
        <test-method is-config="true" signature="openApp()[pri:0, instance:com_EduDomain_Skillrary_Test.ScenarioTest3@47faa49c]" started-at="2021-08-03T17:47:32 IST" name="openApp" finished-at="2021-08-03T17:47:36 IST" duration-ms="3982" status="PASS">
          <reporter-output>
          </reporter-output>
        </test-method> <!-- openApp -->
        <test-method signature="tc3()[pri:0, instance:com_EduDomain_Skillrary_Test.ScenarioTest3@47faa49c]" started-at="2021-08-03T17:47:36 IST" name="tc3" finished-at="2021-08-03T17:47:44 IST" duration-ms="8399" status="PASS">
          <reporter-output>
          </reporter-output>
        </test-method> <!-- tc3 -->
        <test-method is-config="true" signature="closeApp(org.testng.ITestResult)[pri:0, instance:com_EduDomain_Skillrary_Test.ScenarioTest3@47faa49c]" started-at="2021-08-03T17:47:44 IST" name="closeApp" finished-at="2021-08-03T17:47:44 IST" duration-ms="17" status="PASS">
          <params>
            <param index="0">
              <value>
                <![CDATA[[TestResult name=tc3 status=SUCCESS method=ScenarioTest3.tc3()[pri:0, instance:com_EduDomain_Skillrary_Test.ScenarioTest3@47faa49c] output={null}]]]>
              </value>
            </param>
          </params>
          <reporter-output>
          </reporter-output>
        </test-method> <!-- closeApp -->
        <test-method is-config="true" signature="configAS()[pri:0, instance:com_EduDomain_Skillrary_Test.ScenarioTest3@47faa49c]" started-at="2021-08-03T17:47:44 IST" name="configAS" finished-at="2021-08-03T17:47:45 IST" duration-ms="676" status="PASS">
          <reporter-output>
          </reporter-output>
        </test-method> <!-- configAS -->
      </class> <!-- com_EduDomain_Skillrary_Test.ScenarioTest3 -->
    </test> <!-- Default test -->
  </suite> <!-- Default suite -->
</testng-results>
